  [1m[36m (1.4ms)[0m  [1mCREATE TABLE `schema_migrations` (`version` varchar(255) NOT NULL) ENGINE=InnoDB[0m
  [1m[35m (3.2ms)[0m  CREATE UNIQUE INDEX `unique_schema_migrations` ON `schema_migrations` (`version`)
  [1m[36mActiveRecord::SchemaMigration Load (0.1ms)[0m  [1mSELECT `schema_migrations`.* FROM `schema_migrations`[0m


Started GET "/" for 192.168.0.1 at 2016-09-28 12:25:26 +0000
Processing by Rails::WelcomeController#index as HTML
  Rendered /home/ubuntu/.rbenv/versions/2.0.0-p648/lib/ruby/gems/2.0.0/gems/railties-4.0.0.beta1/lib/rails/templates/rails/welcome/index.html.erb (0.9ms)
Completed 200 OK in 5ms (Views: 5.0ms | ActiveRecord: 0.0ms)


Started GET "/assets/rails.png" for 192.168.0.1 at 2016-09-28 12:25:27 +0000


Started GET "/" for 192.168.0.1 at 2016-09-28 14:34:51 +0000

Mysql2::Error (Can't connect to MySQL server on '192.16.0.4' (110)):
  mysql2 (0.3.11) lib/mysql2/client.rb:44:in `connect'
  mysql2 (0.3.11) lib/mysql2/client.rb:44:in `initialize'
  activerecord (4.0.0.beta1) lib/active_record/connection_adapters/mysql2_adapter.rb:18:in `new'
  activerecord (4.0.0.beta1) lib/active_record/connection_adapters/mysql2_adapter.rb:18:in `mysql2_connection'
  activerecord (4.0.0.beta1) lib/active_record/connection_adapters/abstract/connection_pool.rb:446:in `new_connection'
  activerecord (4.0.0.beta1) lib/active_record/connection_adapters/abstract/connection_pool.rb:456:in `checkout_new_connection'
  activerecord (4.0.0.beta1) lib/active_record/connection_adapters/abstract/connection_pool.rb:427:in `acquire_connection'
  activerecord (4.0.0.beta1) lib/active_record/connection_adapters/abstract/connection_pool.rb:364:in `block in checkout'
  /home/ubuntu/.rbenv/versions/2.0.0-p648/lib/ruby/2.0.0/monitor.rb:211:in `mon_synchronize'
  activerecord (4.0.0.beta1) lib/active_record/connection_adapters/abstract/connection_pool.rb:363:in `checkout'
  activerecord (4.0.0.beta1) lib/active_record/connection_adapters/abstract/connection_pool.rb:273:in `block in connection'
  /home/ubuntu/.rbenv/versions/2.0.0-p648/lib/ruby/2.0.0/monitor.rb:211:in `mon_synchronize'
  activerecord (4.0.0.beta1) lib/active_record/connection_adapters/abstract/connection_pool.rb:272:in `connection'
  activerecord (4.0.0.beta1) lib/active_record/connection_adapters/abstract/connection_pool.rb:552:in `retrieve_connection'
  activerecord (4.0.0.beta1) lib/active_record/connection_handling.rb:79:in `retrieve_connection'
  activerecord (4.0.0.beta1) lib/active_record/connection_handling.rb:53:in `connection'
  activerecord (4.0.0.beta1) lib/active_record/migration.rb:739:in `current_version'
  activerecord (4.0.0.beta1) lib/active_record/migration.rb:747:in `needs_migration?'
  activerecord (4.0.0.beta1) lib/active_record/migration.rb:357:in `check_pending!'
  activerecord (4.0.0.beta1) lib/active_record/migration.rb:346:in `block in call'
  activesupport (4.0.0.beta1) lib/active_support/logger_silence.rb:16:in `silence'
  activerecord (4.0.0.beta1) lib/active_record/migration.rb:345:in `call'
  actionpack (4.0.0.beta1) lib/action_dispatch/middleware/callbacks.rb:29:in `block in call'
  activesupport (4.0.0.beta1) lib/active_support/callbacks.rb:373:in `_run__1039329300__call__callbacks'
  activesupport (4.0.0.beta1) lib/active_support/callbacks.rb:78:in `run_callbacks'
  actionpack (4.0.0.beta1) lib/action_dispatch/middleware/callbacks.rb:27:in `call'
  actionpack (4.0.0.beta1) lib/action_dispatch/middleware/reloader.rb:64:in `call'
  actionpack (4.0.0.beta1) lib/action_dispatch/middleware/remote_ip.rb:76:in `call'
  actionpack (4.0.0.beta1) lib/action_dispatch/middleware/debug_exceptions.rb:17:in `call'
  actionpack (4.0.0.beta1) lib/action_dispatch/middleware/show_exceptions.rb:30:in `call'
  railties (4.0.0.beta1) lib/rails/rack/logger.rb:38:in `call_app'
  railties (4.0.0.beta1) lib/rails/rack/logger.rb:21:in `block in call'
  activesupport (4.0.0.beta1) lib/active_support/tagged_logging.rb:67:in `block in tagged'
  activesupport (4.0.0.beta1) lib/active_support/tagged_logging.rb:25:in `tagged'
  activesupport (4.0.0.beta1) lib/active_support/tagged_logging.rb:67:in `tagged'
  railties (4.0.0.beta1) lib/rails/rack/logger.rb:21:in `call'
  actionpack (4.0.0.beta1) lib/action_dispatch/middleware/request_id.rb:21:in `call'
  rack (1.5.2) lib/rack/methodoverride.rb:21:in `call'
  rack (1.5.2) lib/rack/runtime.rb:17:in `call'
  activesupport (4.0.0.beta1) lib/active_support/cache/strategy/local_cache.rb:72:in `call'
  rack (1.5.2) lib/rack/lock.rb:17:in `call'
  actionpack (4.0.0.beta1) lib/action_dispatch/middleware/static.rb:64:in `call'
  railties (4.0.0.beta1) lib/rails/engine.rb:510:in `call'
  railties (4.0.0.beta1) lib/rails/application.rb:96:in `call'
  railties (4.0.0.beta1) lib/rails/railtie/configurable.rb:30:in `method_missing'
  passenger (5.0.30) src/ruby_supportlib/phusion_passenger/rack/thread_handler_extension.rb:97:in `process_request'
  passenger (5.0.30) src/ruby_supportlib/phusion_passenger/request_handler/thread_handler.rb:152:in `accept_and_process_next_request'
  passenger (5.0.30) src/ruby_supportlib/phusion_passenger/request_handler/thread_handler.rb:113:in `main_loop'
  passenger (5.0.30) src/ruby_supportlib/phusion_passenger/request_handler.rb:416:in `block (3 levels) in start_threads'
  passenger (5.0.30) src/ruby_supportlib/phusion_passenger/utils.rb:113:in `block in create_thread_and_abort_on_exception'


  Rendered /home/ubuntu/.rbenv/versions/2.0.0-p648/lib/ruby/gems/2.0.0/gems/actionpack-4.0.0.beta1/lib/action_dispatch/middleware/templates/rescues/_source.erb (0.4ms)
  Rendered /home/ubuntu/.rbenv/versions/2.0.0-p648/lib/ruby/gems/2.0.0/gems/actionpack-4.0.0.beta1/lib/action_dispatch/middleware/templates/rescues/_trace.erb (0.7ms)
  Rendered /home/ubuntu/.rbenv/versions/2.0.0-p648/lib/ruby/gems/2.0.0/gems/actionpack-4.0.0.beta1/lib/action_dispatch/middleware/templates/rescues/_request_and_response.erb (0.4ms)
  Rendered /home/ubuntu/.rbenv/versions/2.0.0-p648/lib/ruby/gems/2.0.0/gems/actionpack-4.0.0.beta1/lib/action_dispatch/middleware/templates/rescues/diagnostics.erb within rescues/layout (11.8ms)


Started GET "/" for 192.168.0.1 at 2016-09-28 14:39:09 +0000


Started GET "/" for 192.168.0.1 at 2016-09-28 14:39:38 +0000
Processing by Rails::WelcomeController#index as HTML
  Rendered /home/ubuntu/.rbenv/versions/2.0.0-p648/lib/ruby/gems/2.0.0/gems/railties-4.0.0.beta1/lib/rails/templates/rails/welcome/index.html.erb (0.9ms)
Completed 200 OK in 5ms (Views: 4.1ms | ActiveRecord: 0.0ms)


Started GET "/assets/rails.png" for 192.168.0.1 at 2016-09-28 14:39:48 +0000
